1624819075521	geckodriver	INFO	Listening on 127.0.0.1:54806
1624819076059	mozrunner::runner	INFO	Running command: "C:\\Program Files\\Mozilla Firefox\\firefox.exe" "--marionette" "-foreground" "-no-remote" "-profile" "C:\\Users\\Asus\\AppData\\Local\\Temp\\rust_mozprofileKHbui7"
1624819078021	Marionette	INFO	Marionette enabled
console.warn: SearchSettings: "get: No settings file exists, new profile?" (new NotFoundError("Could not open the file at C:\\Users\\Asus\\AppData\\Local\\Temp\\rust_mozprofileKHbui7\\search.json.mozlz4", (void 0)))
1624819081217	Marionette	INFO	Listening on port 54816
1624819081397	Marionette	WARN	TLS certificate errors will be ignored for this session
JavaScript error: https://academic.microsoft.com/dist/main.66dc3a7dffeb53ed4d49.build.js, line 1: ChunkLoadError: Loading chunk 6 failed.
(error: https://academic.microsoft.com/dist/6.32a36e1d4b18aa81d260.js)
JavaScript error: https://academic.microsoft.com/dist/main.66dc3a7dffeb53ed4d49.build.js, line 1: ChunkLoadError: Loading chunk 6 failed.
(error: https://academic.microsoft.com/dist/6.32a36e1d4b18aa81d260.js)
JavaScript error: https://academic.microsoft.com/dist/main.66dc3a7dffeb53ed4d49.build.js, line 1: ChunkLoadError: Loading chunk 6 failed.
(error: https://academic.microsoft.com/dist/6.32a36e1d4b18aa81d260.js)
JavaScript error: https://academic.microsoft.com/dist/main.66dc3a7dffeb53ed4d49.build.js, line 1: ChunkLoadError: Loading chunk 52 failed.
(error: https://academic.microsoft.com/dist/52.329eca72f1ace1d116e9.js)
JavaScript error: , line 0: TypeError: NetworkError when attempting to fetch resource.
console.log: WebExtensions: reset-default-search: starting.
console.log: WebExtensions: reset-default-search: No addons in our list are installed.
1624819814442	Marionette	INFO	Stopped listening on port 54816

###!!! [Child][RunMessage] Error: Channel closing: too late to send/recv, messages will be lost

1624885112038	geckodriver	INFO	Listening on 127.0.0.1:59515
1624885112576	mozrunner::runner	INFO	Running command: "C:\\Program Files\\Mozilla Firefox\\firefox.exe" "--marionette" "-foreground" "-no-remote" "-profile" "C:\\Users\\Asus\\AppData\\Local\\Temp\\rust_mozprofileneaVsC"
1624885113964	Marionette	INFO	Marionette enabled
console.warn: SearchSettings: "get: No settings file exists, new profile?" (new NotFoundError("Could not open the file at C:\\Users\\Asus\\AppData\\Local\\Temp\\rust_mozprofileneaVsC\\search.json.mozlz4", (void 0)))
1624885116800	Marionette	INFO	Listening on port 59521
1624885116928	Marionette	WARN	TLS certificate errors will be ignored for this session
1624885315027	geckodriver	INFO	Listening on 127.0.0.1:52424
1624885315592	mozrunner::runner	INFO	Running command: "C:\\Program Files\\Mozilla Firefox\\firefox.exe" "--marionette" "-foreground" "-no-remote" "-profile" "C:\\Users\\Asus\\AppData\\Local\\Temp\\rust_mozprofileTEBPDY"
1624885316626	Marionette	INFO	Marionette enabled
console.warn: SearchSettings: "get: No settings file exists, new profile?" (new NotFoundError("Could not open the file at C:\\Users\\Asus\\AppData\\Local\\Temp\\rust_mozprofileTEBPDY\\search.json.mozlz4", (void 0)))
1624885319102	Marionette	INFO	Listening on port 52429
1624885319294	Marionette	WARN	TLS certificate errors will be ignored for this session
1624885400876	Marionette	INFO	Stopped listening on port 52429

###!!! [Child][RunMessage] Error: Channel closing: too late to send/recv, messages will be lost

1624885988642	geckodriver	INFO	Listening on 127.0.0.1:50273
1624885989197	mozrunner::runner	INFO	Running command: "C:\\Program Files\\Mozilla Firefox\\firefox.exe" "--marionette" "-foreground" "-no-remote" "-profile" "C:\\Users\\Asus\\AppData\\Local\\Temp\\rust_mozprofileJ66SD8"
1624885990284	Marionette	INFO	Marionette enabled
console.warn: SearchSettings: "get: No settings file exists, new profile?" (new NotFoundError("Could not open the file at C:\\Users\\Asus\\AppData\\Local\\Temp\\rust_mozprofileJ66SD8\\search.json.mozlz4", (void 0)))
1624885993175	Marionette	INFO	Listening on port 50278
1624885993413	Marionette	WARN	TLS certificate errors will be ignored for this session
1624956227732	geckodriver	INFO	Listening on 127.0.0.1:62614
1624956228252	mozrunner::runner	INFO	Running command: "C:\\Program Files\\Mozilla Firefox\\firefox.exe" "--marionette" "-foreground" "-no-remote" "-profile" "C:\\Users\\Asus\\AppData\\Local\\Temp\\rust_mozprofilex0liB1"
1624956229423	Marionette	INFO	Marionette enabled
console.warn: SearchSettings: "get: No settings file exists, new profile?" (new NotFoundError("Could not open the file at C:\\Users\\Asus\\AppData\\Local\\Temp\\rust_mozprofilex0liB1\\search.json.mozlz4", (void 0)))
1624956232599	Marionette	INFO	Listening on port 62619
1624956233110	Marionette	WARN	TLS certificate errors will be ignored for this session
console.log: WebExtensions: reset-default-search: starting.
console.log: WebExtensions: reset-default-search: No addons in our list are installed.
1624964433326	Marionette	WARN	Ignoring event 'pageshow' because document has an invalid readyState of 'interactive'.
1624964433742	Marionette	WARN	Ignoring event 'pageshow' because document has an invalid readyState of 'interactive'.
1624964434160	Marionette	WARN	Ignoring event 'pageshow' because document has an invalid readyState of 'interactive'.
1624964434655	Marionette	WARN	Ignoring event 'pageshow' because document has an invalid readyState of 'interactive'.
1624964435188	Marionette	WARN	Ignoring event 'pageshow' because document has an invalid readyState of 'interactive'.
1624964435781	Marionette	WARN	Ignoring event 'pageshow' because document has an invalid readyState of 'interactive'.
1624964436220	Marionette	WARN	Ignoring event 'pageshow' because document has an invalid readyState of 'interactive'.
1624964436702	Marionette	WARN	Ignoring event 'pageshow' because document has an invalid readyState of 'interactive'.
1624964437214	Marionette	WARN	Ignoring event 'pageshow' because document has an invalid readyState of 'interactive'.
1624964437604	Marionette	WARN	Ignoring event 'pageshow' because document has an invalid readyState of 'interactive'.
1624964438007	Marionette	WARN	Ignoring event 'pageshow' because document has an invalid readyState of 'interactive'.
1624964438444	Marionette	WARN	Ignoring event 'pageshow' because document has an invalid readyState of 'interactive'.
1624964438956	Marionette	WARN	Ignoring event 'pageshow' because document has an invalid readyState of 'interactive'.
1624964439413	Marionette	WARN	Ignoring event 'pageshow' because document has an invalid readyState of 'interactive'.
1624964439877	Marionette	WARN	Ignoring event 'pageshow' because document has an invalid readyState of 'interactive'.
1624964440448	Marionette	WARN	Ignoring event 'pageshow' because document has an invalid readyState of 'interactive'.
1624964440947	Marionette	WARN	Ignoring event 'pageshow' because document has an invalid readyState of 'interactive'.
1624964441414	Marionette	WARN	Ignoring event 'pageshow' because document has an invalid readyState of 'interactive'.
1624964442192	Marionette	WARN	Ignoring event 'pageshow' because document has an invalid readyState of 'interactive'.
1624964442644	Marionette	WARN	Ignoring event 'pageshow' because document has an invalid readyState of 'interactive'.
1624964443155	Marionette	WARN	Ignoring event 'pageshow' because document has an invalid readyState of 'interactive'.
1624964443563	Marionette	WARN	Ignoring event 'pageshow' because document has an invalid readyState of 'interactive'.
1624964444086	Marionette	WARN	Ignoring event 'pageshow' because document has an invalid readyState of 'interactive'.
1624964444507	Marionette	WARN	Ignoring event 'pageshow' because document has an invalid readyState of 'interactive'.
1624964445045	Marionette	WARN	Ignoring event 'pageshow' because document has an invalid readyState of 'interactive'.
1624964445448	Marionette	WARN	Ignoring event 'pageshow' because document has an invalid readyState of 'interactive'.
1624964445916	Marionette	WARN	Ignoring event 'pageshow' because document has an invalid readyState of 'interactive'.
1624964446330	Marionette	WARN	Ignoring event 'pageshow' because document has an invalid readyState of 'interactive'.
1624964446740	Marionette	WARN	Ignoring event 'pageshow' because document has an invalid readyState of 'interactive'.
1624964447135	Marionette	WARN	Ignoring event 'pageshow' because document has an invalid readyState of 'interactive'.
1624964447570	Marionette	WARN	Ignoring event 'pageshow' because document has an invalid readyState of 'interactive'.
1624964448066	Marionette	WARN	Ignoring event 'pageshow' because document has an invalid readyState of 'interactive'.
1624964448492	Marionette	WARN	Ignoring event 'pageshow' because document has an invalid readyState of 'interactive'.
1624964448993	Marionette	WARN	Ignoring event 'pageshow' because document has an invalid readyState of 'interactive'.
1624964449389	Marionette	WARN	Ignoring event 'pageshow' because document has an invalid readyState of 'interactive'.
1624964449910	Marionette	WARN	Ignoring event 'pageshow' because document has an invalid readyState of 'interactive'.
1624964450347	Marionette	WARN	Ignoring event 'pageshow' because document has an invalid readyState of 'interactive'.
1624964450773	Marionette	WARN	Ignoring event 'pageshow' because document has an invalid readyState of 'interactive'.
1624964451175	Marionette	WARN	Ignoring event 'pageshow' because document has an invalid readyState of 'interactive'.
1624964451556	Marionette	WARN	Ignoring event 'pageshow' because document has an invalid readyState of 'interactive'.
1624964451946	Marionette	WARN	Ignoring event 'pageshow' because document has an invalid readyState of 'interactive'.
1624964452360	Marionette	WARN	Ignoring event 'pageshow' because document has an invalid readyState of 'interactive'.
1624964452882	Marionette	WARN	Ignoring event 'pageshow' because document has an invalid readyState of 'interactive'.
1624964453299	Marionette	WARN	Ignoring event 'pageshow' because document has an invalid readyState of 'interactive'.
1624964453740	Marionette	WARN	Ignoring event 'pageshow' because document has an invalid readyState of 'interactive'.
1624964454223	Marionette	WARN	Ignoring event 'pageshow' because document has an invalid readyState of 'interactive'.
1624964454668	Marionette	WARN	Ignoring event 'pageshow' because document has an invalid readyState of 'interactive'.
1624964455134	Marionette	WARN	Ignoring event 'pageshow' because document has an invalid readyState of 'interactive'.
1624964455551	Marionette	WARN	Ignoring event 'pageshow' because document has an invalid readyState of 'interactive'.
1624964455957	Marionette	WARN	Ignoring event 'pageshow' because document has an invalid readyState of 'interactive'.
1624964456365	Marionette	WARN	Ignoring event 'pageshow' because document has an invalid readyState of 'interactive'.
1624964456783	Marionette	WARN	Ignoring event 'pageshow' because document has an invalid readyState of 'interactive'.
1624964457285	Marionette	WARN	Ignoring event 'pageshow' because document has an invalid readyState of 'interactive'.
1624964457714	Marionette	WARN	Ignoring event 'pageshow' because document has an invalid readyState of 'interactive'.
1624964458105	Marionette	WARN	Ignoring event 'pageshow' because document has an invalid readyState of 'interactive'.
1624964458507	Marionette	WARN	Ignoring event 'pageshow' because document has an invalid readyState of 'interactive'.
1624964458908	Marionette	WARN	Ignoring event 'pageshow' because document has an invalid readyState of 'interactive'.
1624964459362	Marionette	WARN	Ignoring event 'pageshow' because document has an invalid readyState of 'interactive'.
1624964459778	Marionette	WARN	Ignoring event 'pageshow' because document has an invalid readyState of 'interactive'.
1624964460181	Marionette	WARN	Ignoring event 'pageshow' because document has an invalid readyState of 'interactive'.
1624964460580	Marionette	WARN	Ignoring event 'pageshow' because document has an invalid readyState of 'interactive'.
1624964460984	Marionette	WARN	Ignoring event 'pageshow' because document has an invalid readyState of 'interactive'.
1624964461410	Marionette	WARN	Ignoring event 'pageshow' because document has an invalid readyState of 'interactive'.
1624964461822	Marionette	WARN	Ignoring event 'pageshow' because document has an invalid readyState of 'interactive'.
1624964462303	Marionette	WARN	Ignoring event 'pageshow' because document has an invalid readyState of 'interactive'.
1624964463018	Marionette	WARN	Ignoring event 'pageshow' because document has an invalid readyState of 'interactive'.
1624964463424	Marionette	WARN	Ignoring event 'pageshow' because document has an invalid readyState of 'interactive'.
1624964463838	Marionette	WARN	Ignoring event 'pageshow' because document has an invalid readyState of 'interactive'.
1624964464270	Marionette	WARN	Ignoring event 'pageshow' because document has an invalid readyState of 'interactive'.
1624964464659	Marionette	WARN	Ignoring event 'pageshow' because document has an invalid readyState of 'interactive'.
1624968631887	Marionette	INFO	Stopped listening on port 62619
1625123259300	geckodriver	INFO	Listening on 127.0.0.1:65364
1625123259854	mozrunner::runner	INFO	Running command: "C:\\Program Files\\Mozilla Firefox\\firefox.exe" "--marionette" "-foreground" "-no-remote" "-profile" "C:\\Users\\Asus\\AppData\\Local\\Temp\\rust_mozprofile8FqTal"
1625126199517	geckodriver	INFO	Listening on 127.0.0.1:63182
1625126200049	mozrunner::runner	INFO	Running command: "C:\\Program Files\\Mozilla Firefox\\firefox.exe" "--marionette" "-foreground" "-no-remote" "-profile" "C:\\Users\\Asus\\AppData\\Local\\Temp\\rust_mozprofile0bhC9y"
1625126201529	Marionette	INFO	Marionette enabled
console.warn: SearchSettings: "get: No settings file exists, new profile?" (new NotFoundError("Could not open the file at C:\\Users\\Asus\\AppData\\Local\\Temp\\rust_mozprofile0bhC9y\\search.json.mozlz4", (void 0)))
1625126204898	Marionette	INFO	Listening on port 56068
1625126205419	Marionette	WARN	TLS certificate errors will be ignored for this session
1625126449767	geckodriver	INFO	Listening on 127.0.0.1:53987
1625126450357	mozrunner::runner	INFO	Running command: "C:\\Program Files\\Mozilla Firefox\\firefox.exe" "--marionette" "-foreground" "-no-remote" "-profile" "C:\\Users\\Asus\\AppData\\Local\\Temp\\rust_mozprofileMMwt1U"
1625126451842	Marionette	INFO	Marionette enabled
console.warn: SearchSettings: "get: No settings file exists, new profile?" (new NotFoundError("Could not open the file at C:\\Users\\Asus\\AppData\\Local\\Temp\\rust_mozprofileMMwt1U\\search.json.mozlz4", (void 0)))
1625126454678	Marionette	INFO	Listening on port 64498
1625126455213	Marionette	WARN	TLS certificate errors will be ignored for this session
1625126691735	geckodriver	INFO	Listening on 127.0.0.1:61703
1625126692313	mozrunner::runner	INFO	Running command: "C:\\Program Files\\Mozilla Firefox\\firefox.exe" "--marionette" "-foreground" "-no-remote" "-profile" "C:\\Users\\Asus\\AppData\\Local\\Temp\\rust_mozprofile3d1dHT"
1625126693800	Marionette	INFO	Marionette enabled
console.warn: SearchSettings: "get: No settings file exists, new profile?" (new NotFoundError("Could not open the file at C:\\Users\\Asus\\AppData\\Local\\Temp\\rust_mozprofile3d1dHT\\search.json.mozlz4", (void 0)))
1625126696872	Marionette	INFO	Listening on port 61708
1625126697160	Marionette	WARN	TLS certificate errors will be ignored for this session
console.log: WebExtensions: reset-default-search: starting.
console.log: WebExtensions: reset-default-search: No addons in our list are installed.
1625138014027	Marionette	INFO	Stopped listening on port 61708

###!!! [Child][RunMessage] Error: Channel closing: too late to send/recv, messages will be lost

1625148454904	geckodriver	INFO	Listening on 127.0.0.1:50291
1625148454985	mozrunner::runner	INFO	Running command: "C:\\Program Files\\Mozilla Firefox\\firefox.exe" "--marionette" "-foreground" "-no-remote" "-profile" "C:\\Users\\Asus\\AppData\\Local\\Temp\\rust_mozprofilehikhfh"
1625148456624	Marionette	INFO	Marionette enabled
console.warn: SearchSettings: "get: No settings file exists, new profile?" (new NotFoundError("Could not open the file at C:\\Users\\Asus\\AppData\\Local\\Temp\\rust_mozprofilehikhfh\\search.json.mozlz4", (void 0)))
1625148459666	Marionette	INFO	Listening on port 50296
1625148459838	Marionette	WARN	TLS certificate errors will be ignored for this session
